\BOOKMARK [0][-]{chapter.1}{\376\377\004\022\004\062\004\065\004\064\004\065\004\075\004\070\004\065}{}% 1
\BOOKMARK [1][-]{section.1.1}{\376\377\004\030\004\101\004\102\004\076\004\100\004\070\004\117\000\040\004\070\004\101\004\101\004\073\004\065\004\064\004\076\004\062\004\060\004\075\004\070\004\117\000\040\004\074\004\076\004\067\004\063\004\060}{chapter.1}% 2
\BOOKMARK [1][-]{section.1.2}{\376\377\004\044\004\034\004\040\004\042\000\040\004\062\000\040\004\070\004\067\004\074\004\065\004\100\004\065\004\075\004\070\004\070\000\040\004\060\004\072\004\102\004\070\004\062\004\075\004\076\004\101\004\102\004\070\000\040\004\074\004\076\004\067\004\063\004\060}{chapter.1}% 3
\BOOKMARK [1][-]{section.1.3}{\376\377\004\044\004\103\004\075\004\072\004\106\004\070\004\070\000\040\004\067\004\076\004\075\000\040\004\074\004\076\004\067\004\063\004\060}{chapter.1}% 4
\BOOKMARK [0][-]{chapter.2}{\376\377\004\046\004\065\004\073\004\114\000\040\004\100\004\060\004\061\004\076\004\102\004\113}{}% 5
\BOOKMARK [1][-]{section.2.1}{\376\377\004\037\004\076\004\101\004\102\004\060\004\075\004\076\004\062\004\072\004\060\000\040\004\067\004\060\004\064\004\060\004\107\004\070}{chapter.2}% 6
\BOOKMARK [1][-]{section.2.2}{\376\377\004\027\004\060\004\064\004\060\004\107\004\070\000\040\004\070\004\101\004\101\004\073\004\065\004\064\004\076\004\062\004\060\004\075\004\070\004\117}{chapter.2}% 7
\BOOKMARK [1][-]{section.2.3}{\376\377\004\020\004\072\004\102\004\103\004\060\004\073\004\114\004\075\004\076\004\101\004\102\004\114\000\040\004\067\004\060\004\064\004\060\004\107\004\070}{chapter.2}% 8
\BOOKMARK [1][-]{section.2.4}{\376\377\004\035\004\076\004\062\004\070\004\067\004\075\004\060\000\040\004\100\004\060\004\061\004\076\004\102\004\113}{chapter.2}% 9
\BOOKMARK [0][-]{chapter.3}{\376\377\004\036\004\061\004\067\004\076\004\100\000\040\004\073\004\070\004\102\004\065\004\100\004\060\004\102\004\103\004\100\004\113}{}% 10
\BOOKMARK [1][-]{section.3.1}{\376\377\004\041\004\065\004\074\004\060\004\075\004\102\004\070\004\107\004\065\004\101\004\072\004\070\004\071\000\040\004\060\004\102\004\073\004\060\004\101\000\040\004\074\004\076\004\067\004\063\004\060}{chapter.3}% 11
\BOOKMARK [1][-]{section.3.2}{\376\377\004\037\004\100\004\070\004\074\004\065\004\075\004\065\004\075\004\070\004\065\000\040\004\075\004\065\004\071\004\100\004\076\004\101\004\065\004\102\004\065\004\062\004\113\004\105\000\040\004\074\004\065\004\102\004\076\004\064\004\076\004\062}{chapter.3}% 12
\BOOKMARK [0][-]{chapter.4}{\376\377\004\055\004\072\004\101\004\077\004\065\004\100\004\070\004\074\004\065\004\075\004\102}{}% 13
\BOOKMARK [1][-]{section.4.1}{\376\377\004\036\004\077\004\070\004\101\004\060\004\075\004\070\004\065\000\040\004\064\004\060\004\075\004\075\004\113\004\105}{chapter.4}% 14
\BOOKMARK [1][-]{section.4.2}{\376\377\004\037\004\100\004\065\004\077\004\100\004\076\004\106\004\065\004\101\004\101\004\070\004\075\004\063\000\040\004\064\004\060\004\075\004\075\004\113\004\105}{chapter.4}% 15
\BOOKMARK [1][-]{section.4.3}{\376\377\004\033\004\070\004\075\004\065\004\071\004\075\004\113\004\065\000\040\004\074\004\065\004\102\004\076\004\064\004\113}{chapter.4}% 16
\BOOKMARK [2][-]{subsection.4.3.1}{\376\377\004\020\004\075\004\060\004\073\004\070\004\067\000\040\004\062\004\065\004\101\004\076\004\062\000\040\004\063\004\100\004\065\004\061\004\075\004\065\004\062\004\076\004\071\000\040\004\100\004\065\004\063\004\100\004\065\004\101\004\101\004\070\004\070}{section.4.3}% 17
\BOOKMARK [1][-]{section.4.4}{\376\377\004\035\004\065\004\071\004\100\004\076\004\101\004\065\004\102\004\065\004\062\004\113\004\065\000\040\004\074\004\065\004\102\004\076\004\064\004\113}{chapter.4}% 18
\BOOKMARK [1][-]{section.4.5}{\376\377\004\030\004\067\004\061\004\070\004\100\004\060\004\102\004\065\004\073\004\114\004\075\004\076\004\101\004\102\004\114\000\040\004\062\000\040\004\075\004\065\004\071\004\100\004\076\004\101\004\065\004\102\004\065\004\062\004\113\004\105\000\040\004\077\004\076\004\064\004\105\004\076\004\064\004\060\004\105}{chapter.4}% 19
\BOOKMARK [0][-]{chapter.5}{\376\377\004\041\004\100\004\060\004\062\004\075\004\065\004\075\004\070\004\065\000\040\004\074\004\076\004\064\004\065\004\073\004\065\004\071}{}% 20
\BOOKMARK [0][-]{chapter.6}{\376\377\004\027\004\060\004\072\004\073\004\116\004\107\004\065\004\075\004\070\004\065}{}% 21
